2025-04-29 21:26:51,850 : INFO : Start of Training
2025-04-29 21:26:51,850 : INFO : Run_id:2025-04-29_212651_408846411
2025-04-29 21:26:51,851 : INFO : Start of Data Load, validation and transformation
2025-04-29 21:26:51,851 : INFO : Start of Archiving Old Rejected Files...
2025-04-29 21:26:51,851 : INFO : End of Archiving Old Rejected Files...
2025-04-29 21:26:51,851 : INFO : Start of Archiving Old Validated Files...
2025-04-29 21:26:51,851 : INFO : End of Archiving Old Validated Files...
2025-04-29 21:26:51,851 : INFO : Start of Archiving Old Processed Files...
2025-04-29 21:26:51,851 : INFO : End of Archiving Old Processed Files...
2025-04-29 21:26:51,851 : INFO : Start of Archiving Old Result Files...
2025-04-29 21:26:51,851 : INFO : End of Archiving Old Result Files...
2025-04-29 21:26:51,851 : INFO : Start of Reading values From Schema...
2025-04-29 21:26:51,852 : INFO : End of Reading values From Schema...
2025-04-29 21:26:51,852 : INFO : Start of Validating Column Length...
2025-04-29 21:26:51,852 : INFO : End of Validating Column Length...
2025-04-29 21:26:51,852 : INFO : Start of Validating Missing Values...
2025-04-29 21:26:51,852 : INFO : End of Validating Missing Values...
2025-04-29 21:26:51,852 : INFO : Start of Replacing Missing Values with NULL...
2025-04-29 21:26:51,852 : INFO : End of Replacing Missing Values with NULL...
2025-04-29 21:26:51,852 : INFO : Start of Creating Table...
2025-04-29 21:26:51,853 : INFO : Opened training database successfully
2025-04-29 21:26:51,853 : INFO : Tables created successfully
2025-04-29 21:26:51,853 : INFO : Closed training database successfully
2025-04-29 21:26:51,853 : INFO : End of Creating Table...
2025-04-29 21:26:51,853 : INFO : Opened training database successfully
2025-04-29 21:26:51,853 : INFO : Start of Inserting Data into Table...
2025-04-29 21:26:51,853 : INFO : End of Inserting Data into Table...
2025-04-29 21:26:51,853 : INFO : Start of Exporting Data into CSV...
2025-04-29 21:26:51,854 : INFO : Opened training database successfully
2025-04-29 21:26:51,906 : INFO : End of Exporting Data into CSV...
2025-04-29 21:26:51,907 : INFO : Start of Moving Processed Files...
2025-04-29 21:26:51,907 : INFO : End of Moving Processed Files...
2025-04-29 21:26:51,907 : INFO : End of Data Load, validation and transformation
2025-04-29 21:26:51,907 : INFO : Start of Preprocessing...
2025-04-29 21:26:51,907 : INFO : Start of reading dataset...
2025-04-29 21:26:51,913 : INFO : End of reading dataset...
2025-04-29 21:26:51,913 : INFO : Start of Droping Columns...
2025-04-29 21:26:51,913 : INFO : End of Droping Columns...
2025-04-29 21:26:51,913 : INFO : Start of feature encoding...
2025-04-29 21:26:51,915 : INFO : End of feature encoding...
2025-04-29 21:26:51,915 : INFO : Start of Droping Columns...
2025-04-29 21:26:51,915 : INFO : End of Droping Columns...
2025-04-29 21:26:51,915 : INFO : Start of finding missing values...
2025-04-29 21:26:51,918 : INFO : End of finding missing values...
2025-04-29 21:26:51,918 : INFO : Start of imputing missing values...
2025-04-29 21:26:51,925 : INFO : End of imputing missing values...
2025-04-29 21:26:51,926 : INFO : Start of splitting features and label ...
2025-04-29 21:26:51,926 : INFO : End of splitting features and label ...
2025-04-29 21:26:51,926 : INFO : End of Preprocessing...
2025-04-29 21:26:51,926 : INFO : Start of elbow plotting...
2025-04-29 21:26:52,054 : INFO : Successfully created 3 clusters.
2025-04-29 21:26:52,054 : INFO : End of elbow plotting...
2025-04-29 21:26:52,054 : INFO : Start of Create clusters...
2025-04-29 21:26:52,058 : INFO : Start of Save Models
2025-04-29 21:26:52,058 : INFO : Start of Save Models
2025-04-29 21:26:52,059 : INFO : Model File KMeans saved
2025-04-29 21:26:52,059 : INFO : Model File KMeans saved
2025-04-29 21:26:52,059 : INFO : End of Save Models
2025-04-29 21:26:52,059 : INFO : End of Save Models
2025-04-29 21:26:52,059 : INFO : succesfully created 3clusters.
2025-04-29 21:26:52,059 : INFO : End of Create clusters...
2025-04-29 21:26:52,061 : INFO : Start of finding best model...
2025-04-29 21:26:52,061 : INFO : Start of finding best params for XGBoost algo...
2025-04-29 21:27:32,645 : INFO : XGBoost best params: {'learning_rate': 0.5, 'max_depth': 20, 'n_estimators': 100}
2025-04-29 21:27:32,646 : INFO : End of finding best params for XGBoost algo...
2025-04-29 21:27:32,650 : INFO : AUC for XGBoost:0.9908852319477941
2025-04-29 21:27:32,651 : INFO : Start of finding best params for randomforest algo...
2025-04-29 21:27:37,280 : INFO : Random Forest best params: {'criterion': 'gini', 'max_depth': 3, 'max_features': 'log2', 'n_estimators': 50}
2025-04-29 21:27:37,281 : INFO : End of finding best params for randomforest algo...
2025-04-29 21:27:37,285 : INFO : AUC for XGBoost:0.9704686243911667
2025-04-29 21:27:37,285 : INFO : End of finding best model...
2025-04-29 21:27:37,285 : INFO : Start of Save Models
2025-04-29 21:27:37,285 : INFO : Start of Save Models
2025-04-29 21:27:37,286 : INFO : Model File XGBoost0 saved
2025-04-29 21:27:37,286 : INFO : Model File XGBoost0 saved
2025-04-29 21:27:37,286 : INFO : End of Save Models
2025-04-29 21:27:37,286 : INFO : End of Save Models
2025-04-29 21:27:37,288 : INFO : Start of finding best model...
2025-04-29 21:27:37,288 : INFO : Start of finding best params for XGBoost algo...
2025-04-29 21:28:20,365 : INFO : XGBoost best params: {'learning_rate': 0.5, 'max_depth': 10, 'n_estimators': 50}
2025-04-29 21:28:20,366 : INFO : End of finding best params for XGBoost algo...
2025-04-29 21:28:20,368 : INFO : AUC for XGBoost:0.989870368444768
2025-04-29 21:28:20,368 : INFO : Start of finding best params for randomforest algo...
2025-04-29 21:28:24,909 : INFO : Random Forest best params: {'criterion': 'entropy', 'max_depth': 3, 'max_features': 'log2', 'n_estimators': 130}
2025-04-29 21:28:24,909 : INFO : End of finding best params for randomforest algo...
2025-04-29 21:28:24,914 : INFO : AUC for XGBoost:0.9647282589858237
2025-04-29 21:28:24,914 : INFO : End of finding best model...
2025-04-29 21:28:24,914 : INFO : Start of Save Models
2025-04-29 21:28:24,914 : INFO : Start of Save Models
2025-04-29 21:28:24,916 : INFO : Model File XGBoost1 saved
2025-04-29 21:28:24,916 : INFO : Model File XGBoost1 saved
2025-04-29 21:28:24,916 : INFO : End of Save Models
2025-04-29 21:28:24,916 : INFO : End of Save Models
2025-04-29 21:28:24,917 : INFO : Start of finding best model...
2025-04-29 21:28:24,917 : INFO : Start of finding best params for XGBoost algo...
2025-04-29 21:29:04,413 : INFO : XGBoost best params: {'learning_rate': 0.1, 'max_depth': 10, 'n_estimators': 200}
2025-04-29 21:29:04,414 : INFO : End of finding best params for XGBoost algo...
2025-04-29 21:29:04,417 : INFO : AUC for XGBoost:0.965684145998825
2025-04-29 21:29:04,417 : INFO : Start of finding best params for randomforest algo...
2025-04-29 21:29:09,142 : INFO : Random Forest best params: {'criterion': 'entropy', 'max_depth': 3, 'max_features': 'log2', 'n_estimators': 130}
2025-04-29 21:29:09,142 : INFO : End of finding best params for randomforest algo...
2025-04-29 21:29:09,147 : INFO : AUC for XGBoost:0.8067099180097572
2025-04-29 21:29:09,147 : INFO : End of finding best model...
2025-04-29 21:29:09,147 : INFO : Start of Save Models
2025-04-29 21:29:09,147 : INFO : Start of Save Models
2025-04-29 21:29:09,151 : INFO : Model File XGBoost2 saved
2025-04-29 21:29:09,151 : INFO : Model File XGBoost2 saved
2025-04-29 21:29:09,151 : INFO : End of Save Models
2025-04-29 21:29:09,151 : INFO : End of Save Models
2025-04-29 21:29:09,151 : INFO : End of Training
