2025-04-29 21:31:00,208 : INFO : Start of Training
2025-04-29 21:31:00,208 : INFO : Run_id:2025-04-29_213100_152768699
2025-04-29 21:31:00,208 : INFO : Start of Data Load, validation and transformation
2025-04-29 21:31:00,208 : INFO : Start of Archiving Old Rejected Files...
2025-04-29 21:31:00,208 : INFO : End of Archiving Old Rejected Files...
2025-04-29 21:31:00,208 : INFO : Start of Archiving Old Validated Files...
2025-04-29 21:31:00,209 : INFO : End of Archiving Old Validated Files...
2025-04-29 21:31:00,209 : INFO : Start of Archiving Old Processed Files...
2025-04-29 21:31:00,209 : INFO : End of Archiving Old Processed Files...
2025-04-29 21:31:00,209 : INFO : Start of Archiving Old Result Files...
2025-04-29 21:31:00,209 : INFO : End of Archiving Old Result Files...
2025-04-29 21:31:00,209 : INFO : Start of Reading values From Schema...
2025-04-29 21:31:00,209 : INFO : End of Reading values From Schema...
2025-04-29 21:31:00,210 : INFO : Start of Validating Column Length...
2025-04-29 21:31:00,210 : INFO : End of Validating Column Length...
2025-04-29 21:31:00,210 : INFO : Start of Validating Missing Values...
2025-04-29 21:31:00,210 : INFO : End of Validating Missing Values...
2025-04-29 21:31:00,210 : INFO : Start of Replacing Missing Values with NULL...
2025-04-29 21:31:00,210 : INFO : End of Replacing Missing Values with NULL...
2025-04-29 21:31:00,210 : INFO : Start of Creating Table...
2025-04-29 21:31:00,211 : INFO : Opened training database successfully
2025-04-29 21:31:00,211 : INFO : Tables created successfully
2025-04-29 21:31:00,211 : INFO : Closed training database successfully
2025-04-29 21:31:00,211 : INFO : End of Creating Table...
2025-04-29 21:31:00,211 : INFO : Opened training database successfully
2025-04-29 21:31:00,211 : INFO : Start of Inserting Data into Table...
2025-04-29 21:31:00,211 : INFO : End of Inserting Data into Table...
2025-04-29 21:31:00,211 : INFO : Start of Exporting Data into CSV...
2025-04-29 21:31:00,211 : INFO : Opened training database successfully
2025-04-29 21:31:00,242 : INFO : End of Exporting Data into CSV...
2025-04-29 21:31:00,243 : INFO : Start of Moving Processed Files...
2025-04-29 21:31:00,243 : INFO : End of Moving Processed Files...
2025-04-29 21:31:00,244 : INFO : End of Data Load, validation and transformation
2025-04-29 21:31:00,244 : INFO : Start of Preprocessing...
2025-04-29 21:31:00,244 : INFO : Start of reading dataset...
2025-04-29 21:31:00,250 : INFO : End of reading dataset...
2025-04-29 21:31:00,250 : INFO : Start of Droping Columns...
2025-04-29 21:31:00,251 : INFO : End of Droping Columns...
2025-04-29 21:31:00,251 : INFO : Start of feature encoding...
2025-04-29 21:31:00,252 : INFO : End of feature encoding...
2025-04-29 21:31:00,253 : INFO : Start of Droping Columns...
2025-04-29 21:31:00,253 : INFO : End of Droping Columns...
2025-04-29 21:31:00,253 : INFO : Start of finding missing values...
2025-04-29 21:31:00,257 : INFO : End of finding missing values...
2025-04-29 21:31:00,257 : INFO : Start of imputing missing values...
2025-04-29 21:31:00,264 : INFO : End of imputing missing values...
2025-04-29 21:31:00,264 : INFO : Start of splitting features and label ...
2025-04-29 21:31:00,265 : INFO : End of splitting features and label ...
2025-04-29 21:31:00,265 : INFO : End of Preprocessing...
2025-04-29 21:31:00,265 : INFO : Start of elbow plotting...
2025-04-29 21:31:00,402 : INFO : Successfully created 3 clusters.
2025-04-29 21:31:00,403 : INFO : End of elbow plotting...
2025-04-29 21:31:00,403 : INFO : Start of Create clusters...
2025-04-29 21:31:00,407 : INFO : Start of Save Models
2025-04-29 21:31:00,407 : INFO : Start of Save Models
2025-04-29 21:31:00,409 : INFO : Model File KMeans saved
2025-04-29 21:31:00,409 : INFO : Model File KMeans saved
2025-04-29 21:31:00,409 : INFO : End of Save Models
2025-04-29 21:31:00,409 : INFO : End of Save Models
2025-04-29 21:31:00,409 : INFO : succesfully created 3clusters.
2025-04-29 21:31:00,410 : INFO : End of Create clusters...
2025-04-29 21:31:00,411 : INFO : Start of finding best model...
2025-04-29 21:31:00,411 : INFO : Start of finding best params for XGBoost algo...
2025-04-29 21:31:41,244 : INFO : XGBoost best params: {'learning_rate': 0.5, 'max_depth': 20, 'n_estimators': 100}
2025-04-29 21:31:41,244 : INFO : End of finding best params for XGBoost algo...
2025-04-29 21:31:41,247 : INFO : AUC for XGBoost:0.9908852319477941
2025-04-29 21:31:41,247 : INFO : Start of finding best params for randomforest algo...
2025-04-29 21:31:50,636 : INFO : Random Forest best params: {'criterion': 'gini', 'max_depth': 3, 'max_features': 'sqrt', 'n_estimators': 50}
2025-04-29 21:31:50,754 : INFO : End of finding best params for randomforest algo...
2025-04-29 21:31:50,769 : INFO : AUC for XGBoost:0.9701612521870715
2025-04-29 21:31:50,770 : INFO : End of finding best model...
2025-04-29 21:31:50,770 : INFO : Start of Save Models
2025-04-29 21:31:50,770 : INFO : Start of Save Models
2025-04-29 21:31:50,774 : INFO : Model File XGBoost0 saved
2025-04-29 21:31:50,774 : INFO : Model File XGBoost0 saved
2025-04-29 21:31:50,775 : INFO : End of Save Models
2025-04-29 21:31:50,775 : INFO : End of Save Models
2025-04-29 21:31:50,780 : INFO : Start of finding best model...
2025-04-29 21:31:50,780 : INFO : Start of finding best params for XGBoost algo...
2025-04-29 21:32:33,276 : INFO : XGBoost best params: {'learning_rate': 0.5, 'max_depth': 10, 'n_estimators': 50}
2025-04-29 21:32:33,277 : INFO : End of finding best params for XGBoost algo...
2025-04-29 21:32:33,278 : INFO : AUC for XGBoost:0.989870368444768
2025-04-29 21:32:33,278 : INFO : Start of finding best params for randomforest algo...
2025-04-29 21:32:41,959 : INFO : Random Forest best params: {'criterion': 'gini', 'max_depth': 3, 'max_features': 'log2', 'n_estimators': 100}
2025-04-29 21:32:41,960 : INFO : End of finding best params for randomforest algo...
2025-04-29 21:32:41,965 : INFO : AUC for XGBoost:0.9620247131815188
2025-04-29 21:32:41,965 : INFO : End of finding best model...
2025-04-29 21:32:41,965 : INFO : Start of Save Models
2025-04-29 21:32:41,965 : INFO : Start of Save Models
2025-04-29 21:32:41,965 : INFO : Model File XGBoost1 saved
2025-04-29 21:32:41,965 : INFO : Model File XGBoost1 saved
2025-04-29 21:32:41,966 : INFO : End of Save Models
2025-04-29 21:32:41,966 : INFO : End of Save Models
2025-04-29 21:32:41,967 : INFO : Start of finding best model...
2025-04-29 21:32:41,967 : INFO : Start of finding best params for XGBoost algo...
2025-04-29 21:33:21,024 : INFO : XGBoost best params: {'learning_rate': 0.1, 'max_depth': 10, 'n_estimators': 200}
2025-04-29 21:33:21,025 : INFO : End of finding best params for XGBoost algo...
2025-04-29 21:33:21,028 : INFO : AUC for XGBoost:0.965684145998825
2025-04-29 21:33:21,028 : INFO : Start of finding best params for randomforest algo...
2025-04-29 21:33:30,153 : INFO : Random Forest best params: {'criterion': 'entropy', 'max_depth': 3, 'max_features': 'log2', 'n_estimators': 100}
2025-04-29 21:33:30,153 : INFO : End of finding best params for randomforest algo...
2025-04-29 21:33:30,158 : INFO : AUC for XGBoost:0.8067099180097572
2025-04-29 21:33:30,158 : INFO : End of finding best model...
2025-04-29 21:33:30,158 : INFO : Start of Save Models
2025-04-29 21:33:30,158 : INFO : Start of Save Models
2025-04-29 21:33:30,161 : INFO : Model File XGBoost2 saved
2025-04-29 21:33:30,161 : INFO : Model File XGBoost2 saved
2025-04-29 21:33:30,161 : INFO : End of Save Models
2025-04-29 21:33:30,161 : INFO : End of Save Models
2025-04-29 21:33:30,161 : INFO : End of Training
