2025-04-29 18:22:37,875 : INFO : Start of Training
2025-04-29 18:22:37,875 : INFO : Run_id:2025-04-29_182237_849039925
2025-04-29 18:22:37,875 : INFO : Start of Data Load, validation and transformation
2025-04-29 18:22:37,875 : INFO : Start of Archiving Old Rejected Files...
2025-04-29 18:22:37,875 : INFO : End of Archiving Old Rejected Files...
2025-04-29 18:22:37,875 : INFO : Start of Archiving Old Validated Files...
2025-04-29 18:22:37,875 : INFO : End of Archiving Old Validated Files...
2025-04-29 18:22:37,875 : INFO : Start of Archiving Old Processed Files...
2025-04-29 18:22:37,875 : INFO : End of Archiving Old Processed Files...
2025-04-29 18:22:37,875 : INFO : Start of Archiving Old Result Files...
2025-04-29 18:22:37,875 : INFO : End of Archiving Old Result Files...
2025-04-29 18:22:37,875 : INFO : Start of Reading values From Schema...
2025-04-29 18:22:37,875 : INFO : End of Reading values From Schema...
2025-04-29 18:22:37,875 : INFO : Start of Validating Column Length...
2025-04-29 18:22:37,886 : INFO : End of Validating Column Length...
2025-04-29 18:22:37,886 : INFO : Start of Validating Missing Values...
2025-04-29 18:22:37,893 : INFO : End of Validating Missing Values...
2025-04-29 18:22:37,893 : INFO : Start of Replacing Missing Values with NULL...
2025-04-29 18:22:37,930 : INFO : hr_employee_churn_data.csv: File Transformed successfully!!
2025-04-29 18:22:37,931 : INFO : End of Replacing Missing Values with NULL...
2025-04-29 18:22:37,931 : INFO : Start of Creating Table...
2025-04-29 18:22:37,936 : INFO : Opened training database successfully
2025-04-29 18:22:37,942 : INFO : CREATE TABLE training_raw_data_t column_name
2025-04-29 18:22:37,943 : INFO : ALTER TABLE training_raw_data_t ADD COLUMN
2025-04-29 18:22:37,944 : INFO : ALTER TABLE training_raw_data_t ADD COLUMN
2025-04-29 18:22:37,945 : INFO : ALTER TABLE training_raw_data_t ADD COLUMN
2025-04-29 18:22:37,945 : INFO : ALTER TABLE training_raw_data_t ADD COLUMN
2025-04-29 18:22:37,946 : INFO : ALTER TABLE training_raw_data_t ADD COLUMN
2025-04-29 18:22:37,947 : INFO : ALTER TABLE training_raw_data_t ADD COLUMN
2025-04-29 18:22:37,948 : INFO : ALTER TABLE training_raw_data_t ADD COLUMN
2025-04-29 18:22:37,948 : INFO : ALTER TABLE training_raw_data_t ADD COLUMN
2025-04-29 18:22:37,949 : INFO : ALTER TABLE training_raw_data_t ADD COLUMN
2025-04-29 18:22:37,949 : INFO : End of Creating Table...
2025-04-29 18:22:37,949 : INFO : Opened training database successfully
2025-04-29 18:22:37,949 : INFO : Start of Inserting Data into Table...
2025-04-29 18:22:41,640 : INFO : End of Inserting Data into Table...
2025-04-29 18:22:41,640 : INFO : Start of Exporting Data into CSV...
2025-04-29 18:22:41,640 : INFO : Opened training database successfully
2025-04-29 18:22:41,663 : INFO : End of Exporting Data into CSV...
2025-04-29 18:22:41,664 : INFO : Start of Moving Processed Files...
2025-04-29 18:22:41,664 : INFO : Moved the already processed file hr_employee_churn_data.csv
2025-04-29 18:22:41,665 : INFO : End of Moving Processed Files...
2025-04-29 18:22:41,665 : INFO : End of Data Load, validation and transformation
2025-04-29 18:22:41,665 : INFO : Start of Preprocessing...
2025-04-29 18:22:41,665 : INFO : Start of reading dataset...
2025-04-29 18:22:41,669 : INFO : End of reading dataset...
2025-04-29 18:22:41,669 : INFO : Start of Droping Columns...
2025-04-29 18:22:41,671 : INFO : End of Droping Columns...
2025-04-29 18:22:41,671 : INFO : Start of feature encoding...
2025-04-29 18:22:41,674 : INFO : End of feature encoding...
2025-04-29 18:22:41,674 : INFO : Start of Droping Columns...
2025-04-29 18:22:41,674 : INFO : End of Droping Columns...
2025-04-29 18:22:41,674 : INFO : Start of finding missing values...
2025-04-29 18:22:41,677 : INFO : End of finding missing values...
2025-04-29 18:22:41,677 : INFO : Start of imputing missing values...
2025-04-29 18:22:41,688 : INFO : End of imputing missing values...
2025-04-29 18:22:41,688 : INFO : Start of splitting features and label ...
2025-04-29 18:22:41,688 : INFO : End of splitting features and label ...
2025-04-29 18:22:41,688 : INFO : End of Preprocessing...
2025-04-29 18:22:41,688 : INFO : Start of elbow plotting...
